[ 2016-12-04T21:39:56+08:00 ] 127.0.0.1 /index.php/Admin/Index/top.html
INFO: [ view_parse ] --START--
INFO: [ template_filter ] --START--
INFO: Run Behavior\ContentReplaceBehavior [ RunTime:0.000085s ]
INFO: [ template_filter ] --END-- [ RunTime:0.000171s ]
INFO: Run Behavior\ParseTemplateBehavior [ RunTime:0.025893s ]
INFO: [ view_parse ] --END-- [ RunTime:0.026516s ]
INFO: [ view_filter ] --START--
INFO: Run Behavior\WriteHtmlCacheBehavior [ RunTime:0.000450s ]
INFO: [ view_filter ] --END-- [ RunTime:0.000536s ]
INFO: [ app_end ] --START--
INFO: Run Behavior\ShowPageTraceBehavior [ RunTime:0.000955s ]
INFO: [ app_end ] --END-- [ RunTime:0.001058s ]

[ 2016-12-04T21:39:56+08:00 ] 127.0.0.1 /index.php/Admin/Index/main.html
INFO: [ view_parse ] --START--
INFO: [ template_filter ] --START--
INFO: Run Behavior\ContentReplaceBehavior [ RunTime:0.000088s ]
INFO: [ template_filter ] --END-- [ RunTime:0.000189s ]
INFO: Run Behavior\ParseTemplateBehavior [ RunTime:0.031686s ]
INFO: [ view_parse ] --END-- [ RunTime:0.032358s ]
INFO: [ view_filter ] --START--
INFO: Run Behavior\WriteHtmlCacheBehavior [ RunTime:0.000482s ]
INFO: [ view_filter ] --END-- [ RunTime:0.000558s ]
INFO: [ app_end ] --START--
INFO: Run Behavior\ShowPageTraceBehavior [ RunTime:0.000742s ]
INFO: [ app_end ] --END-- [ RunTime:0.000813s ]

[ 2016-12-04T21:40:17+08:00 ] 127.0.0.1 /index.php/Admin/Category/showlist
ERR: 无法加载控制器:Category

[ 2016-12-04T21:40:21+08:00 ] 127.0.0.1 /index.php/Admin/Category/showlist
ERR: 无法加载控制器:Category

[ 2016-12-04T21:40:25+08:00 ] 127.0.0.1 /index.php/Admin/brand/showlist
ERR: 无法加载控制器:Brand

[ 2016-12-04T21:40:31+08:00 ] 127.0.0.1 /index.php/Admin/Order/showlist
ERR: 无法加载控制器:Order

[ 2016-12-04T21:40:32+08:00 ] 127.0.0.1 /index.php/Admin/Order/dayin
ERR: 无法加载控制器:Order

[ 2016-12-04T21:40:33+08:00 ] 127.0.0.1 /index.php/Admin/Order/add
ERR: 无法加载控制器:Order

[ 2016-12-04T21:40:34+08:00 ] 127.0.0.1 /index.php/Admin/Manager/showlist
ERR: 非法操作:showlist

[ 2016-12-04T21:40:46+08:00 ] 127.0.0.1 /index.php/Admin/Auth/update/auth_id/101.html
ERR: 非法操作:update

[ 2016-12-04T21:41:22+08:00 ] 127.0.0.1 /index.php/Admin/Manager/showlist
ERR: 非法操作:showlist

[ 2016-12-04T21:41:24+08:00 ] 127.0.0.1 /index.php/Admin/Category/showlist
ERR: 无法加载控制器:Category

[ 2016-12-04T21:43:51+08:00 ] 127.0.0.1 /index.php/Admin/brand/showlist
ERR: 无法加载控制器:Brand

[ 2016-12-04T21:43:54+08:00 ] 127.0.0.1 /index.php/Admin/Attribute/getAttrInfo.html?type_id=1
INFO: [ app_begin ] --START--
INFO: Run Behavior\ReadHtmlCacheBehavior [ RunTime:0.000693s ]
INFO: [ app_begin ] --END-- [ RunTime:0.001241s ]
SQL: SHOW COLUMNS FROM `sp_manager` [ RunTime:0.0037s ]
SQL: SELECT r.role_auth_ac FROM sp_manager m INNER JOIN sp_role r on m.role_id=r.role_id  WHERE m.mg_id = '1' LIMIT 1   [ RunTime:0.0004s ]
SQL: SHOW COLUMNS FROM `sp_attribute` [ RunTime:0.0037s ]
SQL: SELECT a.*,t.type_name FROM sp_attribute a INNER JOIN sp_type t on a.type_id=t.type_id  WHERE a.type_id = '1'  [ RunTime:0.0005s ]
INFO: [ app_end ] --START--
INFO: Run Behavior\ShowPageTraceBehavior [ RunTime:0.000833s ]
INFO: [ app_end ] --END-- [ RunTime:0.000909s ]

[ 2016-12-04T21:43:57+08:00 ] 127.0.0.1 /index.php/Admin/Attribute/getAttrInfo.html?type_id=1
INFO: [ app_begin ] --START--
INFO: Run Behavior\ReadHtmlCacheBehavior [ RunTime:0.000651s ]
INFO: [ app_begin ] --END-- [ RunTime:0.001152s ]
SQL: SHOW COLUMNS FROM `sp_manager` [ RunTime:0.0036s ]
SQL: SELECT r.role_auth_ac FROM sp_manager m INNER JOIN sp_role r on m.role_id=r.role_id  WHERE m.mg_id = '1' LIMIT 1   [ RunTime:0.0011s ]
SQL: SHOW COLUMNS FROM `sp_attribute` [ RunTime:0.0059s ]
SQL: SELECT a.*,t.type_name FROM sp_attribute a INNER JOIN sp_type t on a.type_id=t.type_id  WHERE a.type_id = '1'  [ RunTime:0.0008s ]
INFO: [ app_end ] --START--
INFO: Run Behavior\ShowPageTraceBehavior [ RunTime:0.001104s ]
INFO: [ app_end ] --END-- [ RunTime:0.001229s ]

[ 2016-12-04T21:43:59+08:00 ] 127.0.0.1 /index.php/Admin/Attribute/getAttrInfo.html?type_id=1
INFO: [ app_begin ] --START--
INFO: Run Behavior\ReadHtmlCacheBehavior [ RunTime:0.000657s ]
INFO: [ app_begin ] --END-- [ RunTime:0.001173s ]
SQL: SHOW COLUMNS FROM `sp_manager` [ RunTime:0.0037s ]
SQL: SELECT r.role_auth_ac FROM sp_manager m INNER JOIN sp_role r on m.role_id=r.role_id  WHERE m.mg_id = '1' LIMIT 1   [ RunTime:0.0004s ]
SQL: SHOW COLUMNS FROM `sp_attribute` [ RunTime:0.0039s ]
SQL: SELECT a.*,t.type_name FROM sp_attribute a INNER JOIN sp_type t on a.type_id=t.type_id  WHERE a.type_id = '1'  [ RunTime:0.0005s ]
INFO: [ app_end ] --START--
INFO: Run Behavior\ShowPageTraceBehavior [ RunTime:0.000786s ]
INFO: [ app_end ] --END-- [ RunTime:0.000865s ]

